<?xml version="1.0" encoding="UTF-8"?>
<coverage generated="1620292442431" clover="3.2.0">
  <project timestamp="1620292442431" name="All files">
    <metrics statements="80" coveredstatements="74" conditionals="16" coveredconditionals="14" methods="11" coveredmethods="11" elements="107" coveredelements="99" complexity="0" loc="80" ncloc="80" packages="1" files="6" classes="6"/>
    <file name="controller.js" path="C:\Users\Filip Gelo\Desktop\Codeworks_Main_Course\legacy\leak-seeker\server\controller.js">
      <metrics statements="36" coveredstatements="32" conditionals="6" coveredconditionals="5" methods="4" coveredmethods="4"/>
      <line num="1" count="1" type="stmt"/>
      <line num="4" count="1" type="stmt"/>
      <line num="7" count="1" type="stmt"/>
      <line num="8" count="1" type="stmt"/>
      <line num="9" count="1" type="stmt"/>
      <line num="10" count="1" type="stmt"/>
      <line num="14" count="1" type="stmt"/>
      <line num="15" count="1" type="stmt"/>
      <line num="17" count="0" type="stmt"/>
      <line num="23" count="1" type="stmt"/>
      <line num="24" count="2" type="stmt"/>
      <line num="25" count="2" type="stmt"/>
      <line num="26" count="2" type="stmt"/>
      <line num="32" count="2" type="stmt"/>
      <line num="33" count="2" type="stmt"/>
      <line num="43" count="1" type="stmt"/>
      <line num="47" count="1" type="stmt"/>
      <line num="53" count="1" type="stmt"/>
      <line num="54" count="2" type="stmt"/>
      <line num="55" count="2" type="stmt"/>
      <line num="56" count="2" type="stmt"/>
      <line num="58" count="2" type="stmt"/>
      <line num="60" count="2" type="cond" truecount="2" falsecount="0"/>
      <line num="61" count="1" type="stmt"/>
      <line num="62" count="1" type="stmt"/>
      <line num="63" count="1" type="stmt"/>
      <line num="65" count="1" type="stmt"/>
      <line num="69" count="2" type="cond" truecount="1" falsecount="1"/>
      <line num="70" count="0" type="stmt"/>
      <line num="75" count="0" type="stmt"/>
      <line num="78" count="2" type="cond" truecount="2" falsecount="0"/>
      <line num="79" count="1" type="stmt"/>
      <line num="85" count="1" type="stmt"/>
      <line num="87" count="0" type="stmt"/>
      <line num="91" count="1" type="stmt"/>
      <line num="130" count="1" type="stmt"/>
    </file>
    <file name="helpers.js" path="C:\Users\Filip Gelo\Desktop\Codeworks_Main_Course\legacy\leak-seeker\server\helpers.js">
      <metrics statements="6" coveredstatements="6" conditionals="0" coveredconditionals="0" methods="2" coveredmethods="2"/>
      <line num="4" count="1" type="stmt"/>
      <line num="7" count="1" type="stmt"/>
      <line num="8" count="3" type="stmt"/>
      <line num="16" count="1" type="stmt"/>
      <line num="17" count="2" type="stmt"/>
      <line num="24" count="1" type="stmt"/>
    </file>
    <file name="index.js" path="C:\Users\Filip Gelo\Desktop\Codeworks_Main_Course\legacy\leak-seeker\server\index.js">
      <metrics statements="15" coveredstatements="14" conditionals="2" coveredconditionals="2" methods="1" coveredmethods="1"/>
      <line num="5" count="1" type="stmt"/>
      <line num="6" count="1" type="stmt"/>
      <line num="7" count="1" type="stmt"/>
      <line num="8" count="1" type="stmt"/>
      <line num="9" count="1" type="stmt"/>
      <line num="11" count="1" type="cond" truecount="2" falsecount="0"/>
      <line num="13" count="1" type="stmt"/>
      <line num="14" count="1" type="stmt"/>
      <line num="15" count="1" type="stmt"/>
      <line num="17" count="1" type="stmt"/>
      <line num="18" count="1" type="stmt"/>
      <line num="19" count="1" type="stmt"/>
      <line num="20" count="1" type="stmt"/>
      <line num="22" count="0" type="stmt"/>
      <line num="26" count="1" type="stmt"/>
    </file>
    <file name="model.js" path="C:\Users\Filip Gelo\Desktop\Codeworks_Main_Course\legacy\leak-seeker\server\model.js">
      <metrics statements="8" coveredstatements="7" conditionals="4" coveredconditionals="3" methods="1" coveredmethods="1"/>
      <line num="1" count="1" type="stmt"/>
      <line num="2" count="1" type="stmt"/>
      <line num="4" count="1" type="cond" truecount="2" falsecount="0"/>
      <line num="8" count="1" type="stmt"/>
      <line num="16" count="1" type="cond" truecount="1" falsecount="1"/>
      <line num="17" count="0" type="stmt"/>
      <line num="19" count="1" type="stmt"/>
      <line num="24" count="1" type="stmt"/>
    </file>
    <file name="mongoose-schema.js" path="C:\Users\Filip Gelo\Desktop\Codeworks_Main_Course\legacy\leak-seeker\server\mongoose-schema.js">
      <metrics statements="9" coveredstatements="9" conditionals="4" coveredconditionals="4" methods="0" coveredmethods="0"/>
      <line num="1" count="1" type="stmt"/>
      <line num="2" count="1" type="stmt"/>
      <line num="4" count="1" type="cond" truecount="2" falsecount="0"/>
      <line num="5" count="1" type="cond" truecount="2" falsecount="0"/>
      <line num="8" count="1" type="stmt"/>
      <line num="43" count="1" type="stmt"/>
      <line num="55" count="1" type="stmt"/>
      <line num="56" count="1" type="stmt"/>
      <line num="58" count="1" type="stmt"/>
    </file>
    <file name="router.js" path="C:\Users\Filip Gelo\Desktop\Codeworks_Main_Course\legacy\leak-seeker\server\router.js">
      <metrics statements="6" coveredstatements="6" conditionals="0" coveredconditionals="0" methods="3" coveredmethods="3"/>
      <line num="2" count="1" type="stmt"/>
      <line num="3" count="1" type="stmt"/>
      <line num="7" count="1" type="stmt"/>
      <line num="10" count="2" type="stmt"/>
      <line num="13" count="2" type="stmt"/>
      <line num="23" count="1" type="stmt"/>
    </file>
  </project>
</coverage>
