{"C:\\Users\\Filip Gelo\\Desktop\\Codeworks_Main_Course\\legacy\\leak-seeker\\server\\controller.js": {"path":"C:\\Users\\Filip Gelo\\Desktop\\Codeworks_Main_Course\\legacy\\leak-seeker\\server\\controller.js","statementMap":{"0":{"start":{"line":1,"column":51},"end":{"line":1,"column":82}},"1":{"start":{"line":4,"column":51},"end":{"line":4,"column":71}},"2":{"start":{"line":7,"column":20},"end":{"line":19,"column":1}},"3":{"start":{"line":8,"column":2},"end":{"line":18,"column":3}},"4":{"start":{"line":9,"column":20},"end":{"line":11,"column":6}},"5":{"start":{"line":10,"column":6},"end":{"line":10,"column":18}},"6":{"start":{"line":14,"column":4},"end":{"line":14,"column":34}},"7":{"start":{"line":15,"column":4},"end":{"line":15,"column":39}},"8":{"start":{"line":17,"column":4},"end":{"line":17,"column":76}},"9":{"start":{"line":23,"column":25},"end":{"line":49,"column":1}},"10":{"start":{"line":24,"column":2},"end":{"line":24,"column":49}},"11":{"start":{"line":25,"column":2},"end":{"line":48,"column":3}},"12":{"start":{"line":26,"column":25},"end":{"line":31,"column":5}},"13":{"start":{"line":32,"column":6},"end":{"line":32,"column":50}},"14":{"start":{"line":33,"column":26},"end":{"line":41,"column":5}},"15":{"start":{"line":43,"column":4},"end":{"line":43,"column":40}},"16":{"start":{"line":47,"column":4},"end":{"line":47,"column":43}},"17":{"start":{"line":53,"column":17},"end":{"line":93,"column":1}},"18":{"start":{"line":54,"column":20},"end":{"line":54,"column":28}},"19":{"start":{"line":55,"column":2},"end":{"line":55,"column":33}},"20":{"start":{"line":56,"column":12},"end":{"line":56,"column":17}},"21":{"start":{"line":58,"column":2},"end":{"line":92,"column":3}},"22":{"start":{"line":60,"column":4},"end":{"line":66,"column":5}},"23":{"start":{"line":61,"column":6},"end":{"line":61,"column":17}},"24":{"start":{"line":62,"column":19},"end":{"line":62,"column":58}},"25":{"start":{"line":63,"column":6},"end":{"line":63,"column":48}},"26":{"start":{"line":65,"column":6},"end":{"line":65,"column":61}},"27":{"start":{"line":69,"column":4},"end":{"line":76,"column":5}},"28":{"start":{"line":70,"column":24},"end":{"line":74,"column":8}},"29":{"start":{"line":75,"column":6},"end":{"line":75,"column":29}},"30":{"start":{"line":78,"column":4},"end":{"line":88,"column":5}},"31":{"start":{"line":79,"column":26},"end":{"line":84,"column":8}},"32":{"start":{"line":85,"column":6},"end":{"line":85,"column":31}},"33":{"start":{"line":87,"column":6},"end":{"line":87,"column":61}},"34":{"start":{"line":91,"column":4},"end":{"line":91,"column":44}},"35":{"start":{"line":130,"column":0},"end":{"line":136,"column":2}}},"fnMap":{"0":{"name":"(anonymous_0)","decl":{"start":{"line":7,"column":20},"end":{"line":7,"column":21}},"loc":{"start":{"line":7,"column":46},"end":{"line":19,"column":1}},"line":7},"1":{"name":"(anonymous_1)","decl":{"start":{"line":9,"column":52},"end":{"line":9,"column":53}},"loc":{"start":{"line":9,"column":67},"end":{"line":11,"column":5}},"line":9},"2":{"name":"(anonymous_2)","decl":{"start":{"line":23,"column":25},"end":{"line":23,"column":26}},"loc":{"start":{"line":23,"column":51},"end":{"line":49,"column":1}},"line":23},"3":{"name":"(anonymous_3)","decl":{"start":{"line":53,"column":17},"end":{"line":53,"column":18}},"loc":{"start":{"line":53,"column":43},"end":{"line":93,"column":1}},"line":53}},"branchMap":{"0":{"loc":{"start":{"line":60,"column":4},"end":{"line":66,"column":5}},"type":"if","locations":[{"start":{"line":60,"column":4},"end":{"line":66,"column":5}},{"start":{"line":60,"column":4},"end":{"line":66,"column":5}}],"line":60},"1":{"loc":{"start":{"line":69,"column":4},"end":{"line":76,"column":5}},"type":"if","locations":[{"start":{"line":69,"column":4},"end":{"line":76,"column":5}},{"start":{"line":69,"column":4},"end":{"line":76,"column":5}}],"line":69},"2":{"loc":{"start":{"line":78,"column":4},"end":{"line":88,"column":5}},"type":"if","locations":[{"start":{"line":78,"column":4},"end":{"line":88,"column":5}},{"start":{"line":78,"column":4},"end":{"line":88,"column":5}}],"line":78}},"s":{"0":1,"1":1,"2":1,"3":1,"4":1,"5":1,"6":1,"7":1,"8":0,"9":1,"10":2,"11":2,"12":2,"13":2,"14":2,"15":1,"16":1,"17":1,"18":2,"19":2,"20":2,"21":2,"22":2,"23":1,"24":1,"25":1,"26":1,"27":2,"28":0,"29":0,"30":2,"31":1,"32":1,"33":0,"34":1,"35":1},"f":{"0":1,"1":1,"2":2,"3":2},"b":{"0":[1,1],"1":[0,2],"2":[1,1]},"_coverageSchema":"1a1c01bbd47fc00a2c39e90264f33305004495a9","hash":"6a9f189a53c9297f67f7e82bb2510c03fc689cff"}
,"C:\\Users\\Filip Gelo\\Desktop\\Codeworks_Main_Course\\legacy\\leak-seeker\\server\\helpers.js": {"path":"C:\\Users\\Filip Gelo\\Desktop\\Codeworks_Main_Course\\legacy\\leak-seeker\\server\\helpers.js","statementMap":{"0":{"start":{"line":4,"column":4},"end":{"line":4,"column":35}},"1":{"start":{"line":7,"column":29},"end":{"line":14,"column":1}},"2":{"start":{"line":8,"column":2},"end":{"line":13,"column":4}},"3":{"start":{"line":16,"column":25},"end":{"line":22,"column":1}},"4":{"start":{"line":17,"column":2},"end":{"line":21,"column":4}},"5":{"start":{"line":24,"column":0},"end":{"line":24,"column":57}}},"fnMap":{"0":{"name":"(anonymous_0)","decl":{"start":{"line":7,"column":29},"end":{"line":7,"column":30}},"loc":{"start":{"line":7,"column":61},"end":{"line":14,"column":1}},"line":7},"1":{"name":"(anonymous_1)","decl":{"start":{"line":16,"column":25},"end":{"line":16,"column":26}},"loc":{"start":{"line":16,"column":57},"end":{"line":22,"column":1}},"line":16}},"branchMap":{},"s":{"0":1,"1":1,"2":3,"3":1,"4":2,"5":1},"f":{"0":3,"1":2},"b":{},"_coverageSchema":"1a1c01bbd47fc00a2c39e90264f33305004495a9","hash":"a54fa6cbaa32840b486f1fd2309ab110fac31c4c"}
,"C:\\Users\\Filip Gelo\\Desktop\\Codeworks_Main_Course\\legacy\\leak-seeker\\server\\index.js": {"path":"C:\\Users\\Filip Gelo\\Desktop\\Codeworks_Main_Course\\legacy\\leak-seeker\\server\\index.js","statementMap":{"0":{"start":{"line":5,"column":0},"end":{"line":5,"column":27}},"1":{"start":{"line":6,"column":16},"end":{"line":6,"column":34}},"2":{"start":{"line":7,"column":15},"end":{"line":7,"column":34}},"3":{"start":{"line":8,"column":13},"end":{"line":8,"column":28}},"4":{"start":{"line":9,"column":12},"end":{"line":9,"column":21}},"5":{"start":{"line":11,"column":13},"end":{"line":11,"column":37}},"6":{"start":{"line":13,"column":0},"end":{"line":13,"column":16}},"7":{"start":{"line":14,"column":0},"end":{"line":14,"column":23}},"8":{"start":{"line":15,"column":0},"end":{"line":15,"column":16}},"9":{"start":{"line":17,"column":0},"end":{"line":24,"column":4}},"10":{"start":{"line":18,"column":2},"end":{"line":23,"column":3}},"11":{"start":{"line":19,"column":4},"end":{"line":19,"column":27}},"12":{"start":{"line":20,"column":4},"end":{"line":20,"column":57}},"13":{"start":{"line":22,"column":4},"end":{"line":22,"column":53}},"14":{"start":{"line":26,"column":0},"end":{"line":26,"column":21}}},"fnMap":{"0":{"name":"bootstrap","decl":{"start":{"line":17,"column":16},"end":{"line":17,"column":25}},"loc":{"start":{"line":17,"column":29},"end":{"line":24,"column":1}},"line":17}},"branchMap":{"0":{"loc":{"start":{"line":11,"column":13},"end":{"line":11,"column":37}},"type":"binary-expr","locations":[{"start":{"line":11,"column":13},"end":{"line":11,"column":29}},{"start":{"line":11,"column":33},"end":{"line":11,"column":37}}],"line":11}},"s":{"0":1,"1":1,"2":1,"3":1,"4":1,"5":1,"6":1,"7":1,"8":1,"9":1,"10":1,"11":1,"12":1,"13":0,"14":1},"f":{"0":1},"b":{"0":[1,1]},"_coverageSchema":"1a1c01bbd47fc00a2c39e90264f33305004495a9","hash":"640ea2ead1b39772103911a3af5199519ef48b32"}
,"C:\\Users\\Filip Gelo\\Desktop\\Codeworks_Main_Course\\legacy\\leak-seeker\\server\\model.js": {"path":"C:\\Users\\Filip Gelo\\Desktop\\Codeworks_Main_Course\\legacy\\leak-seeker\\server\\model.js","statementMap":{"0":{"start":{"line":1,"column":17},"end":{"line":1,"column":36}},"1":{"start":{"line":2,"column":0},"end":{"line":2,"column":27}},"2":{"start":{"line":4,"column":12},"end":{"line":4,"column":70}},"3":{"start":{"line":8,"column":0},"end":{"line":22,"column":2}},"4":{"start":{"line":16,"column":4},"end":{"line":20,"column":5}},"5":{"start":{"line":17,"column":6},"end":{"line":17,"column":30}},"6":{"start":{"line":19,"column":6},"end":{"line":19,"column":47}},"7":{"start":{"line":24,"column":0},"end":{"line":24,"column":26}}},"fnMap":{"0":{"name":"(anonymous_0)","decl":{"start":{"line":15,"column":2},"end":{"line":15,"column":3}},"loc":{"start":{"line":15,"column":11},"end":{"line":21,"column":3}},"line":15}},"branchMap":{"0":{"loc":{"start":{"line":4,"column":12},"end":{"line":4,"column":70}},"type":"binary-expr","locations":[{"start":{"line":4,"column":12},"end":{"line":4,"column":27}},{"start":{"line":4,"column":31},"end":{"line":4,"column":70}}],"line":4},"1":{"loc":{"start":{"line":16,"column":4},"end":{"line":20,"column":5}},"type":"if","locations":[{"start":{"line":16,"column":4},"end":{"line":20,"column":5}},{"start":{"line":16,"column":4},"end":{"line":20,"column":5}}],"line":16}},"s":{"0":1,"1":1,"2":1,"3":1,"4":1,"5":0,"6":1,"7":1},"f":{"0":1},"b":{"0":[1,1],"1":[0,1]},"_coverageSchema":"1a1c01bbd47fc00a2c39e90264f33305004495a9","hash":"8e8afcab05d661e3e52485070bb4fca7a766b9de"}
,"C:\\Users\\Filip Gelo\\Desktop\\Codeworks_Main_Course\\legacy\\leak-seeker\\server\\mongoose-schema.js": {"path":"C:\\Users\\Filip Gelo\\Desktop\\Codeworks_Main_Course\\legacy\\leak-seeker\\server\\mongoose-schema.js","statementMap":{"0":{"start":{"line":1,"column":0},"end":{"line":1,"column":27}},"1":{"start":{"line":2,"column":17},"end":{"line":2,"column":38}},"2":{"start":{"line":4,"column":22},"end":{"line":4,"column":64}},"3":{"start":{"line":5,"column":22},"end":{"line":5,"column":56}},"4":{"start":{"line":8,"column":20},"end":{"line":40,"column":2}},"5":{"start":{"line":43,"column":19},"end":{"line":53,"column":2}},"6":{"start":{"line":55,"column":25},"end":{"line":55,"column":66}},"7":{"start":{"line":56,"column":29},"end":{"line":56,"column":71}},"8":{"start":{"line":58,"column":0},"end":{"line":58,"column":60}}},"fnMap":{},"branchMap":{"0":{"loc":{"start":{"line":4,"column":22},"end":{"line":4,"column":64}},"type":"binary-expr","locations":[{"start":{"line":4,"column":22},"end":{"line":4,"column":51}},{"start":{"line":4,"column":55},"end":{"line":4,"column":64}}],"line":4},"1":{"loc":{"start":{"line":5,"column":22},"end":{"line":5,"column":56}},"type":"binary-expr","locations":[{"start":{"line":5,"column":22},"end":{"line":5,"column":47}},{"start":{"line":5,"column":51},"end":{"line":5,"column":56}}],"line":5}},"s":{"0":1,"1":1,"2":1,"3":1,"4":1,"5":1,"6":1,"7":1,"8":1},"f":{},"b":{"0":[1,1],"1":[1,1]},"_coverageSchema":"1a1c01bbd47fc00a2c39e90264f33305004495a9","hash":"a6ecea87adb73dcb346a4a53fa4f74e743f5f209"}
,"C:\\Users\\Filip Gelo\\Desktop\\Codeworks_Main_Course\\legacy\\leak-seeker\\server\\router.js": {"path":"C:\\Users\\Filip Gelo\\Desktop\\Codeworks_Main_Course\\legacy\\leak-seeker\\server\\router.js","statementMap":{"0":{"start":{"line":2,"column":19},"end":{"line":2,"column":45}},"1":{"start":{"line":3,"column":15},"end":{"line":3,"column":42}},"2":{"start":{"line":7,"column":0},"end":{"line":7,"column":76}},"3":{"start":{"line":7,"column":42},"end":{"line":7,"column":74}},"4":{"start":{"line":10,"column":0},"end":{"line":10,"column":80}},"5":{"start":{"line":10,"column":41},"end":{"line":10,"column":78}},"6":{"start":{"line":13,"column":0},"end":{"line":13,"column":70}},"7":{"start":{"line":13,"column":39},"end":{"line":13,"column":68}},"8":{"start":{"line":23,"column":0},"end":{"line":23,"column":24}}},"fnMap":{"0":{"name":"(anonymous_0)","decl":{"start":{"line":7,"column":28},"end":{"line":7,"column":29}},"loc":{"start":{"line":7,"column":42},"end":{"line":7,"column":74}},"line":7},"1":{"name":"(anonymous_1)","decl":{"start":{"line":10,"column":27},"end":{"line":10,"column":28}},"loc":{"start":{"line":10,"column":41},"end":{"line":10,"column":78}},"line":10},"2":{"name":"(anonymous_2)","decl":{"start":{"line":13,"column":25},"end":{"line":13,"column":26}},"loc":{"start":{"line":13,"column":39},"end":{"line":13,"column":68}},"line":13}},"branchMap":{},"s":{"0":1,"1":1,"2":1,"3":1,"4":1,"5":2,"6":1,"7":2,"8":1},"f":{"0":1,"1":2,"2":2},"b":{},"_coverageSchema":"1a1c01bbd47fc00a2c39e90264f33305004495a9","hash":"d2941718036640a3571e6275398d3f008247504f"}
}
