TN:
SF:controller.js
FN:7,(anonymous_0)
FN:9,(anonymous_1)
FN:23,(anonymous_2)
FN:53,(anonymous_3)
FNF:4
FNH:4
FNDA:1,(anonymous_0)
FNDA:1,(anonymous_1)
FNDA:2,(anonymous_2)
FNDA:2,(anonymous_3)
DA:1,1
DA:4,1
DA:7,1
DA:8,1
DA:9,1
DA:10,1
DA:14,1
DA:15,1
DA:17,0
DA:23,1
DA:24,2
DA:25,2
DA:26,2
DA:32,2
DA:33,2
DA:43,1
DA:47,1
DA:53,1
DA:54,2
DA:55,2
DA:56,2
DA:58,2
DA:60,2
DA:61,1
DA:62,1
DA:63,1
DA:65,1
DA:69,2
DA:70,0
DA:75,0
DA:78,2
DA:79,1
DA:85,1
DA:87,0
DA:91,1
DA:130,1
LF:36
LH:32
BRDA:60,0,0,1
BRDA:60,0,1,1
BRDA:69,1,0,0
BRDA:69,1,1,2
BRDA:78,2,0,1
BRDA:78,2,1,1
BRF:6
BRH:5
end_of_record
TN:
SF:helpers.js
FN:7,(anonymous_0)
FN:16,(anonymous_1)
FNF:2
FNH:2
FNDA:3,(anonymous_0)
FNDA:2,(anonymous_1)
DA:4,1
DA:7,1
DA:8,3
DA:16,1
DA:17,2
DA:24,1
LF:6
LH:6
BRF:0
BRH:0
end_of_record
TN:
SF:index.js
FN:17,bootstrap
FNF:1
FNH:1
FNDA:1,bootstrap
DA:5,1
DA:6,1
DA:7,1
DA:8,1
DA:9,1
DA:11,1
DA:13,1
DA:14,1
DA:15,1
DA:17,1
DA:18,1
DA:19,1
DA:20,1
DA:22,0
DA:26,1
LF:15
LH:14
BRDA:11,0,0,1
BRDA:11,0,1,1
BRF:2
BRH:2
end_of_record
TN:
SF:model.js
FN:15,(anonymous_0)
FNF:1
FNH:1
FNDA:1,(anonymous_0)
DA:1,1
DA:2,1
DA:4,1
DA:8,1
DA:16,1
DA:17,0
DA:19,1
DA:24,1
LF:8
LH:7
BRDA:4,0,0,1
BRDA:4,0,1,1
BRDA:16,1,0,0
BRDA:16,1,1,1
BRF:4
BRH:3
end_of_record
TN:
SF:mongoose-schema.js
FNF:0
FNH:0
DA:1,1
DA:2,1
DA:4,1
DA:5,1
DA:8,1
DA:43,1
DA:55,1
DA:56,1
DA:58,1
LF:9
LH:9
BRDA:4,0,0,1
BRDA:4,0,1,1
BRDA:5,1,0,1
BRDA:5,1,1,1
BRF:4
BRH:4
end_of_record
TN:
SF:router.js
FN:7,(anonymous_0)
FN:10,(anonymous_1)
FN:13,(anonymous_2)
FNF:3
FNH:3
FNDA:1,(anonymous_0)
FNDA:2,(anonymous_1)
FNDA:2,(anonymous_2)
DA:2,1
DA:3,1
DA:7,1
DA:10,2
DA:13,2
DA:23,1
LF:6
LH:6
BRF:0
BRH:0
end_of_record
